  Determining projects to restore...
  All projects are up-to-date for restore.
  OnlineTravel.Domain -> H:\Huma-Volve\OnlineTravelBookingTeamB\OnlineTravel.Domain\bin\Debug\net9.0\OnlineTravel.Domain.dll
H:\Huma-Volve\OnlineTravelBookingTeamB\OnlineTravel.Application\Features\Flight\CreateAirport\CreateAirportCommand.cs(15,23): warning CS8618: Non-nullable property 'Code' must contain a non-null value when exiting constructor. Consider adding the 'required' modifier or declaring the property as nullable. [H:\Huma-Volve\OnlineTravelBookingTeamB\OnlineTravel.Application\OnlineTravel.Application.csproj]
H:\Huma-Volve\OnlineTravelBookingTeamB\OnlineTravel.Application\Features\Flight\CreateAirport\CreateAirportCommand.cs(16,23): warning CS8618: Non-nullable property 'Name' must contain a non-null value when exiting constructor. Consider adding the 'required' modifier or declaring the property as nullable. [H:\Huma-Volve\OnlineTravelBookingTeamB\OnlineTravel.Application\OnlineTravel.Application.csproj]
H:\Huma-Volve\OnlineTravelBookingTeamB\OnlineTravel.Application\Features\Flight\CreateAirport\CreateAirportCommand.cs(17,23): warning CS8618: Non-nullable property 'Street' must contain a non-null value when exiting constructor. Consider adding the 'required' modifier or declaring the property as nullable. [H:\Huma-Volve\OnlineTravelBookingTeamB\OnlineTravel.Application\OnlineTravel.Application.csproj]
H:\Huma-Volve\OnlineTravelBookingTeamB\OnlineTravel.Application\Features\Flight\CreateAirport\CreateAirportCommand.cs(18,23): warning CS8618: Non-nullable property 'City' must contain a non-null value when exiting constructor. Consider adding the 'required' modifier or declaring the property as nullable. [H:\Huma-Volve\OnlineTravelBookingTeamB\OnlineTravel.Application\OnlineTravel.Application.csproj]
H:\Huma-Volve\OnlineTravelBookingTeamB\OnlineTravel.Application\Features\Flight\CreateAirport\CreateAirportCommand.cs(19,23): warning CS8618: Non-nullable property 'State' must contain a non-null value when exiting constructor. Consider adding the 'required' modifier or declaring the property as nullable. [H:\Huma-Volve\OnlineTravelBookingTeamB\OnlineTravel.Application\OnlineTravel.Application.csproj]
H:\Huma-Volve\OnlineTravelBookingTeamB\OnlineTravel.Application\Features\Flight\CreateAirport\CreateAirportCommand.cs(20,23): warning CS8618: Non-nullable property 'Country' must contain a non-null value when exiting constructor. Consider adding the 'required' modifier or declaring the property as nullable. [H:\Huma-Volve\OnlineTravelBookingTeamB\OnlineTravel.Application\OnlineTravel.Application.csproj]
H:\Huma-Volve\OnlineTravelBookingTeamB\OnlineTravel.Application\Features\Flight\CreateAirport\CreateAirportCommand.cs(21,23): warning CS8618: Non-nullable property 'ZipCode' must contain a non-null value when exiting constructor. Consider adding the 'required' modifier or declaring the property as nullable. [H:\Huma-Volve\OnlineTravelBookingTeamB\OnlineTravel.Application\OnlineTravel.Application.csproj]
H:\Huma-Volve\OnlineTravelBookingTeamB\OnlineTravel.Application\Features\Flight\CreateAirport\CreateAirportCommand.cs(22,29): warning CS8618: Non-nullable property 'Facilities' must contain a non-null value when exiting constructor. Consider adding the 'required' modifier or declaring the property as nullable. [H:\Huma-Volve\OnlineTravelBookingTeamB\OnlineTravel.Application\OnlineTravel.Application.csproj]
H:\Huma-Volve\OnlineTravelBookingTeamB\OnlineTravel.Application\Features\Reviews\Handlers\CreateReviewHandler.cs(29,14): error CS1501: No overload for method 'FindAsync' takes 2 arguments [H:\Huma-Volve\OnlineTravelBookingTeamB\OnlineTravel.Application\OnlineTravel.Application.csproj]
H:\Huma-Volve\OnlineTravelBookingTeamB\OnlineTravel.Application\Features\Reviews\Handlers\CreateReviewHandler.cs(36,14): error CS1501: No overload for method 'GetByIdAsync' takes 2 arguments [H:\Huma-Volve\OnlineTravelBookingTeamB\OnlineTravel.Application\OnlineTravel.Application.csproj]
H:\Huma-Volve\OnlineTravelBookingTeamB\OnlineTravel.Application\Features\Reviews\Handlers\CreateReviewHandler.cs(52,48): error CS1501: No overload for method 'AddAsync' takes 2 arguments [H:\Huma-Volve\OnlineTravelBookingTeamB\OnlineTravel.Application\OnlineTravel.Application.csproj]
H:\Huma-Volve\OnlineTravelBookingTeamB\OnlineTravel.Application\Features\Reviews\Handlers\GetTourReviewsHandler.cs(26,14): error CS1501: No overload for method 'FindAsync' takes 2 arguments [H:\Huma-Volve\OnlineTravelBookingTeamB\OnlineTravel.Application\OnlineTravel.Application.csproj]
H:\Huma-Volve\OnlineTravelBookingTeamB\OnlineTravel.Application\Features\Reviews\Handlers\GetTourReviewsHandler.cs(33,62): error CS1501: No overload for method 'GetAllWithSpecAsync' takes 2 arguments [H:\Huma-Volve\OnlineTravelBookingTeamB\OnlineTravel.Application\OnlineTravel.Application.csproj]

Build FAILED.

H:\Huma-Volve\OnlineTravelBookingTeamB\OnlineTravel.Application\Features\Flight\CreateAirport\CreateAirportCommand.cs(15,23): warning CS8618: Non-nullable property 'Code' must contain a non-null value when exiting constructor. Consider adding the 'required' modifier or declaring the property as nullable. [H:\Huma-Volve\OnlineTravelBookingTeamB\OnlineTravel.Application\OnlineTravel.Application.csproj]
H:\Huma-Volve\OnlineTravelBookingTeamB\OnlineTravel.Application\Features\Flight\CreateAirport\CreateAirportCommand.cs(16,23): warning CS8618: Non-nullable property 'Name' must contain a non-null value when exiting constructor. Consider adding the 'required' modifier or declaring the property as nullable. [H:\Huma-Volve\OnlineTravelBookingTeamB\OnlineTravel.Application\OnlineTravel.Application.csproj]
H:\Huma-Volve\OnlineTravelBookingTeamB\OnlineTravel.Application\Features\Flight\CreateAirport\CreateAirportCommand.cs(17,23): warning CS8618: Non-nullable property 'Street' must contain a non-null value when exiting constructor. Consider adding the 'required' modifier or declaring the property as nullable. [H:\Huma-Volve\OnlineTravelBookingTeamB\OnlineTravel.Application\OnlineTravel.Application.csproj]
H:\Huma-Volve\OnlineTravelBookingTeamB\OnlineTravel.Application\Features\Flight\CreateAirport\CreateAirportCommand.cs(18,23): warning CS8618: Non-nullable property 'City' must contain a non-null value when exiting constructor. Consider adding the 'required' modifier or declaring the property as nullable. [H:\Huma-Volve\OnlineTravelBookingTeamB\OnlineTravel.Application\OnlineTravel.Application.csproj]
H:\Huma-Volve\OnlineTravelBookingTeamB\OnlineTravel.Application\Features\Flight\CreateAirport\CreateAirportCommand.cs(19,23): warning CS8618: Non-nullable property 'State' must contain a non-null value when exiting constructor. Consider adding the 'required' modifier or declaring the property as nullable. [H:\Huma-Volve\OnlineTravelBookingTeamB\OnlineTravel.Application\OnlineTravel.Application.csproj]
H:\Huma-Volve\OnlineTravelBookingTeamB\OnlineTravel.Application\Features\Flight\CreateAirport\CreateAirportCommand.cs(20,23): warning CS8618: Non-nullable property 'Country' must contain a non-null value when exiting constructor. Consider adding the 'required' modifier or declaring the property as nullable. [H:\Huma-Volve\OnlineTravelBookingTeamB\OnlineTravel.Application\OnlineTravel.Application.csproj]
H:\Huma-Volve\OnlineTravelBookingTeamB\OnlineTravel.Application\Features\Flight\CreateAirport\CreateAirportCommand.cs(21,23): warning CS8618: Non-nullable property 'ZipCode' must contain a non-null value when exiting constructor. Consider adding the 'required' modifier or declaring the property as nullable. [H:\Huma-Volve\OnlineTravelBookingTeamB\OnlineTravel.Application\OnlineTravel.Application.csproj]
H:\Huma-Volve\OnlineTravelBookingTeamB\OnlineTravel.Application\Features\Flight\CreateAirport\CreateAirportCommand.cs(22,29): warning CS8618: Non-nullable property 'Facilities' must contain a non-null value when exiting constructor. Consider adding the 'required' modifier or declaring the property as nullable. [H:\Huma-Volve\OnlineTravelBookingTeamB\OnlineTravel.Application\OnlineTravel.Application.csproj]
H:\Huma-Volve\OnlineTravelBookingTeamB\OnlineTravel.Application\Features\Reviews\Handlers\CreateReviewHandler.cs(29,14): error CS1501: No overload for method 'FindAsync' takes 2 arguments [H:\Huma-Volve\OnlineTravelBookingTeamB\OnlineTravel.Application\OnlineTravel.Application.csproj]
H:\Huma-Volve\OnlineTravelBookingTeamB\OnlineTravel.Application\Features\Reviews\Handlers\CreateReviewHandler.cs(36,14): error CS1501: No overload for method 'GetByIdAsync' takes 2 arguments [H:\Huma-Volve\OnlineTravelBookingTeamB\OnlineTravel.Application\OnlineTravel.Application.csproj]
H:\Huma-Volve\OnlineTravelBookingTeamB\OnlineTravel.Application\Features\Reviews\Handlers\CreateReviewHandler.cs(52,48): error CS1501: No overload for method 'AddAsync' takes 2 arguments [H:\Huma-Volve\OnlineTravelBookingTeamB\OnlineTravel.Application\OnlineTravel.Application.csproj]
H:\Huma-Volve\OnlineTravelBookingTeamB\OnlineTravel.Application\Features\Reviews\Handlers\GetTourReviewsHandler.cs(26,14): error CS1501: No overload for method 'FindAsync' takes 2 arguments [H:\Huma-Volve\OnlineTravelBookingTeamB\OnlineTravel.Application\OnlineTravel.Application.csproj]
H:\Huma-Volve\OnlineTravelBookingTeamB\OnlineTravel.Application\Features\Reviews\Handlers\GetTourReviewsHandler.cs(33,62): error CS1501: No overload for method 'GetAllWithSpecAsync' takes 2 arguments [H:\Huma-Volve\OnlineTravelBookingTeamB\OnlineTravel.Application\OnlineTravel.Application.csproj]
    8 Warning(s)
    5 Error(s)

Time Elapsed 00:00:01.21
